c:\users\theww\documents\visual studio 2017\projects\build\game\debug\vc141.pdb
c:\users\theww\documents\visual studio 2017\projects\build\game\debug\vc141.idb
c:\users\theww\documents\visual studio 2017\projects\build\game\debug\program.obj
c:\users\theww\documents\visual studio 2017\projects\build\game\debug\renderinggame.obj
c:\users\theww\documents\visual studio 2017\projects\build\game\debug\trainagledemo.obj
c:\users\theww\documents\visual studio 2017\projects\build\debug\game.ilk
c:\users\theww\documents\visual studio 2017\projects\build\debug\game.exe
c:\users\theww\documents\visual studio 2017\projects\build\debug\game.pdb
c:\users\theww\documents\visual studio 2017\projects\build\game\debug\game.tlog\cl.command.1.tlog
c:\users\theww\documents\visual studio 2017\projects\build\game\debug\game.tlog\cl.read.1.tlog
c:\users\theww\documents\visual studio 2017\projects\build\game\debug\game.tlog\cl.write.1.tlog
c:\users\theww\documents\visual studio 2017\projects\build\game\debug\game.tlog\link-cvtres.read.1.tlog
c:\users\theww\documents\visual studio 2017\projects\build\game\debug\game.tlog\link-cvtres.write.1.tlog
c:\users\theww\documents\visual studio 2017\projects\build\game\debug\game.tlog\link-rc.read.1.tlog
c:\users\theww\documents\visual studio 2017\projects\build\game\debug\game.tlog\link-rc.write.1.tlog
c:\users\theww\documents\visual studio 2017\projects\build\game\debug\game.tlog\link.14372-cvtres.read.1.tlog
c:\users\theww\documents\visual studio 2017\projects\build\game\debug\game.tlog\link.14372-cvtres.write.1.tlog
c:\users\theww\documents\visual studio 2017\projects\build\game\debug\game.tlog\link.14372-rc.read.1.tlog
c:\users\theww\documents\visual studio 2017\projects\build\game\debug\game.tlog\link.14372-rc.write.1.tlog
c:\users\theww\documents\visual studio 2017\projects\build\game\debug\game.tlog\link.14372.read.1.tlog
c:\users\theww\documents\visual studio 2017\projects\build\game\debug\game.tlog\link.14372.write.1.tlog
c:\users\theww\documents\visual studio 2017\projects\build\game\debug\game.tlog\link.command.1.tlog
c:\users\theww\documents\visual studio 2017\projects\build\game\debug\game.tlog\link.read.1.tlog
c:\users\theww\documents\visual studio 2017\projects\build\game\debug\game.tlog\link.write.1.tlog
